[INFO  - 2016-12-06T10:26:46.391Z] GhostDriver - Main - running on port 4005
[INFO  - 2016-12-06T10:26:46.797Z] Session [7d9b1080-bb9e-11e6-b5ce-d36de232f405] - page.settings - {"XSSAuditingEnabled":false,"javascriptCanCloseWindows":true,"javascriptCanOpenWindows":true,"javascriptEnabled":true,"loadImages":true,"localToRemoteUrlAccessEnabled":false,"userAgent":"Mozilla/5.0 (Macintosh; Intel Mac OS X) AppleWebKit/538.1 (KHTML, like Gecko) PhantomJS/2.1.1 Safari/538.1","webSecurityEnabled":true}
[INFO  - 2016-12-06T10:26:46.797Z] Session [7d9b1080-bb9e-11e6-b5ce-d36de232f405] - page.customHeaders:  - {}
[INFO  - 2016-12-06T10:26:46.797Z] Session [7d9b1080-bb9e-11e6-b5ce-d36de232f405] - Session.negotiatedCapabilities - {"browserName":"phantomjs","version":"2.1.1","driverName":"ghostdriver","driverVersion":"1.2.0","platform":"mac-10.10 (Yosemite)-64bit","javascriptEnabled":true,"takesScreenshot":true,"handlesAlerts":false,"databaseEnabled":false,"locationContextEnabled":false,"applicationCacheEnabled":false,"browserConnectionEnabled":false,"cssSelectorsEnabled":true,"webStorageEnabled":false,"rotatable":false,"acceptSslCerts":false,"nativeEvents":true,"proxy":{"proxyType":"direct"}}
[INFO  - 2016-12-06T10:26:46.798Z] SessionManagerReqHand - _postNewSessionCommand - New Session Created: 7d9b1080-bb9e-11e6-b5ce-d36de232f405
[INFO  - 2016-12-06T10:26:47.211Z] ShutdownReqHand - _handle - About to shutdown
[INFO  - 2016-12-06T10:27:47.595Z] GhostDriver - Main - running on port 34173
[INFO  - 2016-12-06T10:27:47.696Z] Session [a1e73590-bb9e-11e6-b432-7bbb07e7232b] - page.settings - {"XSSAuditingEnabled":false,"javascriptCanCloseWindows":true,"javascriptCanOpenWindows":true,"javascriptEnabled":true,"loadImages":true,"localToRemoteUrlAccessEnabled":false,"userAgent":"Mozilla/5.0 (Macintosh; Intel Mac OS X) AppleWebKit/538.1 (KHTML, like Gecko) PhantomJS/2.1.1 Safari/538.1","webSecurityEnabled":true}
[INFO  - 2016-12-06T10:27:47.696Z] Session [a1e73590-bb9e-11e6-b432-7bbb07e7232b] - page.customHeaders:  - {}
[INFO  - 2016-12-06T10:27:47.696Z] Session [a1e73590-bb9e-11e6-b432-7bbb07e7232b] - Session.negotiatedCapabilities - {"browserName":"phantomjs","version":"2.1.1","driverName":"ghostdriver","driverVersion":"1.2.0","platform":"mac-10.10 (Yosemite)-64bit","javascriptEnabled":true,"takesScreenshot":true,"handlesAlerts":false,"databaseEnabled":false,"locationContextEnabled":false,"applicationCacheEnabled":false,"browserConnectionEnabled":false,"cssSelectorsEnabled":true,"webStorageEnabled":false,"rotatable":false,"acceptSslCerts":false,"nativeEvents":true,"proxy":{"proxyType":"direct"}}
[INFO  - 2016-12-06T10:27:47.696Z] SessionManagerReqHand - _postNewSessionCommand - New Session Created: a1e73590-bb9e-11e6-b432-7bbb07e7232b
[INFO  - 2016-12-06T10:28:10.601Z] ShutdownReqHand - _handle - About to shutdown
[INFO  - 2016-12-06T10:29:54.962Z] GhostDriver - Main - running on port 41264
[INFO  - 2016-12-06T10:29:55.238Z] Session [edec92f0-bb9e-11e6-81bd-f5f902a9436a] - page.settings - {"XSSAuditingEnabled":false,"javascriptCanCloseWindows":true,"javascriptCanOpenWindows":true,"javascriptEnabled":true,"loadImages":true,"localToRemoteUrlAccessEnabled":false,"userAgent":"Mozilla/5.0 (Macintosh; Intel Mac OS X) AppleWebKit/538.1 (KHTML, like Gecko) PhantomJS/2.1.1 Safari/538.1","webSecurityEnabled":true}
[INFO  - 2016-12-06T10:29:55.238Z] Session [edec92f0-bb9e-11e6-81bd-f5f902a9436a] - page.customHeaders:  - {}
[INFO  - 2016-12-06T10:29:55.238Z] Session [edec92f0-bb9e-11e6-81bd-f5f902a9436a] - Session.negotiatedCapabilities - {"browserName":"phantomjs","version":"2.1.1","driverName":"ghostdriver","driverVersion":"1.2.0","platform":"mac-10.10 (Yosemite)-64bit","javascriptEnabled":true,"takesScreenshot":true,"handlesAlerts":false,"databaseEnabled":false,"locationContextEnabled":false,"applicationCacheEnabled":false,"browserConnectionEnabled":false,"cssSelectorsEnabled":true,"webStorageEnabled":false,"rotatable":false,"acceptSslCerts":false,"nativeEvents":true,"proxy":{"proxyType":"direct"}}
[INFO  - 2016-12-06T10:29:55.238Z] SessionManagerReqHand - _postNewSessionCommand - New Session Created: edec92f0-bb9e-11e6-81bd-f5f902a9436a
[INFO  - 2016-12-06T10:30:02.815Z] ShutdownReqHand - _handle - About to shutdown
[INFO  - 2016-12-06T11:22:47.550Z] GhostDriver - Main - running on port 3379
[INFO  - 2016-12-06T11:22:47.850Z] Session [50f2e640-bba6-11e6-a701-833131ddc3c6] - page.settings - {"XSSAuditingEnabled":false,"javascriptCanCloseWindows":true,"javascriptCanOpenWindows":true,"javascriptEnabled":true,"loadImages":true,"localToRemoteUrlAccessEnabled":false,"userAgent":"Mozilla/5.0 (Macintosh; Intel Mac OS X) AppleWebKit/538.1 (KHTML, like Gecko) PhantomJS/2.1.1 Safari/538.1","webSecurityEnabled":true}
[INFO  - 2016-12-06T11:22:47.850Z] Session [50f2e640-bba6-11e6-a701-833131ddc3c6] - page.customHeaders:  - {}
[INFO  - 2016-12-06T11:22:47.850Z] Session [50f2e640-bba6-11e6-a701-833131ddc3c6] - Session.negotiatedCapabilities - {"browserName":"phantomjs","version":"2.1.1","driverName":"ghostdriver","driverVersion":"1.2.0","platform":"mac-10.10 (Yosemite)-64bit","javascriptEnabled":true,"takesScreenshot":true,"handlesAlerts":false,"databaseEnabled":false,"locationContextEnabled":false,"applicationCacheEnabled":false,"browserConnectionEnabled":false,"cssSelectorsEnabled":true,"webStorageEnabled":false,"rotatable":false,"acceptSslCerts":false,"nativeEvents":true,"proxy":{"proxyType":"direct"}}
[INFO  - 2016-12-06T11:22:47.851Z] SessionManagerReqHand - _postNewSessionCommand - New Session Created: 50f2e640-bba6-11e6-a701-833131ddc3c6
[INFO  - 2016-12-06T11:22:57.480Z] ShutdownReqHand - _handle - About to shutdown
[INFO  - 2016-12-06T14:47:27.813Z] GhostDriver - Main - running on port 48545
[INFO  - 2016-12-06T14:47:27.986Z] Session [e87b19d0-bbc2-11e6-bb32-5df3ba542e08] - page.settings - {"XSSAuditingEnabled":false,"javascriptCanCloseWindows":true,"javascriptCanOpenWindows":true,"javascriptEnabled":true,"loadImages":true,"localToRemoteUrlAccessEnabled":false,"userAgent":"Mozilla/5.0 (Macintosh; Intel Mac OS X) AppleWebKit/538.1 (KHTML, like Gecko) PhantomJS/2.1.1 Safari/538.1","webSecurityEnabled":true}
[INFO  - 2016-12-06T14:47:27.987Z] Session [e87b19d0-bbc2-11e6-bb32-5df3ba542e08] - page.customHeaders:  - {}
[INFO  - 2016-12-06T14:47:27.987Z] Session [e87b19d0-bbc2-11e6-bb32-5df3ba542e08] - Session.negotiatedCapabilities - {"browserName":"phantomjs","version":"2.1.1","driverName":"ghostdriver","driverVersion":"1.2.0","platform":"mac-10.10 (Yosemite)-64bit","javascriptEnabled":true,"takesScreenshot":true,"handlesAlerts":false,"databaseEnabled":false,"locationContextEnabled":false,"applicationCacheEnabled":false,"browserConnectionEnabled":false,"cssSelectorsEnabled":true,"webStorageEnabled":false,"rotatable":false,"acceptSslCerts":false,"nativeEvents":true,"proxy":{"proxyType":"direct"}}
[INFO  - 2016-12-06T14:47:27.987Z] SessionManagerReqHand - _postNewSessionCommand - New Session Created: e87b19d0-bbc2-11e6-bb32-5df3ba542e08
[INFO  - 2016-12-06T14:47:37.789Z] ShutdownReqHand - _handle - About to shutdown
